2026-07-01 13:01:56,335 - __main__ - INFO - MAE  : 0.00
2026-07-01 13:01:56,336 - __main__ - INFO - RMSE : 0.00
2026-07-01 13:01:56,336 - __main__ - INFO - R2   : 1.0000

2026-07-01 13:01:56,342 - __main__ - INFO - MAE  : 0.00
2026-07-01 13:01:56,343 - __main__ - INFO - RMSE : 0.00
2026-07-01 13:01:56,343 - __main__ - INFO - R2   : 1.0000

2026-07-01 13:01:56,348 - __main__ - INFO - MAE  : 0.00
2026-07-01 13:01:56,348 - __main__ - INFO - RMSE : 0.00
2026-07-01 13:01:56,348 - __main__ - INFO - R2   : 1.0000

2026-07-01 13:03:51,914 - __main__ - INFO - MAE  : 0.00
2026-07-01 13:03:51,915 - __main__ - INFO - RMSE : 0.00
2026-07-01 13:03:51,916 - __main__ - INFO - R2   : 1.0000

2026-07-01 13:03:51,931 - __main__ - INFO - MAE  : 0.00
2026-07-01 13:03:51,932 - __main__ - INFO - RMSE : 0.00
2026-07-01 13:03:51,932 - __main__ - INFO - R2   : 1.0000

2026-07-01 13:03:51,940 - __main__ - INFO - MAE  : 0.00
2026-07-01 13:03:51,940 - __main__ - INFO - RMSE : 0.00
2026-07-01 13:03:51,941 - __main__ - INFO - R2   : 1.0000

2026-07-01 13:08:24,051 - __main__ - INFO - Bắt đầu quy trình huấn luyện mô hình...
2026-07-01 13:08:24,175 - __main__ - INFO - Đã tải thành công dữ liệu từ data/coffee_price_train_features.csv với kích thước (3939, 24)
2026-07-01 13:08:24,207 - __main__ - INFO - Đã tải thành công dữ liệu từ data/coffee_price_val_features.csv với kích thước (1121, 24)
2026-07-01 13:08:24,262 - __main__ - INFO - Đã tải thành công dữ liệu từ data/coffee_price_test_features.csv với kích thước (280, 24)
2026-07-01 13:08:24,305 - __main__ - INFO - Số lượng features đầu vào: 21
2026-07-01 13:08:24,307 - __main__ - INFO - Danh sách features (đã loại bỏ rò rỉ dữ liệu): ['temperature_2m_mean', 'temperature_2m_min', 'temperature_2m_max', 'precipitation_sum', 'rain_sum', 'lat', 'lon', 'ron95_vung1', 'is_update_day', 'thang', 'nam', 'thi_truong_Gia Lai', 'thi_truong_Kon Tum', 'thi_truong_Lâm Đồng', 'thi_truong_Đắk Lắk', 'thi_truong_Đắk Nông', 'lag_1', 'lag_2', 'rolling_mean_3', 'min_7d', 'max_7d']
2026-07-01 13:08:24,308 - __main__ - INFO - Đang huấn luyện Linear Regression pipeline...
2026-07-01 13:08:24,342 - __main__ - INFO - Huấn luyện hoàn tất!
2026-07-01 13:08:24,352 - __main__ - INFO - --- ĐÁNH GIÁ TRÊN TẬP TRAIN ---
2026-07-01 13:08:24,353 - __main__ - INFO - MAE  : 784.68
2026-07-01 13:08:24,354 - __main__ - INFO - RMSE : 1911.61
2026-07-01 13:08:24,355 - __main__ - INFO - R2   : 0.9966

2026-07-01 13:08:24,363 - __main__ - INFO - --- ĐÁNH GIÁ TRÊN TẬP VALIDATION ---
2026-07-01 13:08:24,364 - __main__ - INFO - MAE  : 2058.45
2026-07-01 13:08:24,365 - __main__ - INFO - RMSE : 3429.93
2026-07-01 13:08:24,369 - __main__ - INFO - R2   : 0.9340

2026-07-01 13:08:24,385 - __main__ - INFO - --- ĐÁNH GIÁ TRÊN TẬP TEST ---
2026-07-01 13:08:24,387 - __main__ - INFO - MAE  : 1291.42
2026-07-01 13:08:24,388 - __main__ - INFO - RMSE : 1748.60
2026-07-01 13:08:24,388 - __main__ - INFO - R2   : 0.8853

2026-07-01 13:08:24,404 - __main__ - INFO - Top 5 đặc trưng ảnh hưởng tích cực nhất:
                    Hệ số (Coefficient)
lag_1                      33999.936351
max_7d                      1779.737846
nam                          603.177338
temperature_2m_min           222.324865
rolling_mean_3                65.673295
2026-07-01 13:08:24,418 - __main__ - INFO - Top 5 đặc trưng ảnh hưởng tiêu cực nhất:
                     Hệ số (Coefficient)
thi_truong_Đắk Lắk            -48.946596
temperature_2m_mean           -97.254234
ron95_vung1                  -163.339653
lag_2                       -1788.659112
min_7d                      -1861.402115
2026-07-01 13:08:24,426 - __main__ - INFO - Đã lưu mô hình chuẩn hóa và dự đoán tại: models/coffee_price_lr_model.pkl
